<?xml version="1.0" encoding="UTF-8"?>
<!-- Generated by org.testng.reporters.JUnitReportReporter -->
<testsuite hostname="DESKTOP-QTFQUIF" failures="0" tests="1" name="com.demo.Tc" time="15.496" errors="0" timestamp="2024-03-30T19:14:44 IST" skipped="0">
  <testcase classname="com.demo.Tc" name="RegisterPager" time="15.496"/>
  <system-out/>
</testsuite> <!-- com.demo.Tc -->
