<?xml version="1.0" encoding="UTF-8"?>
<!-- Generated by org.testng.reporters.JUnitReportReporter -->
<testsuite hostname="DESKTOP-QTFQUIF" failures="0" tests="1" name="com.gibl.TestCases.Tc_001" time="0.024" errors="0" timestamp="2024-04-06T13:43:55 IST" skipped="0">
  <testcase classname="com.gibl.TestCases.Tc_001" name="test" time="0.024"/>
  <system-out/>
</testsuite> <!-- com.gibl.TestCases.Tc_001 -->
