<?xml version="1.0" encoding="UTF-8"?>
<!-- Generated by org.testng.reporters.JUnitReportReporter -->
<testsuite hostname="DESKTOP-QTFQUIF" failures="0" tests="1" name="com.demo.Tc" time="17.363" errors="0" timestamp="2024-03-30T17:54:21 IST" skipped="0">
  <testcase classname="com.demo.Tc" name="RegisterPager" time="17.363"/>
  <system-out/>
</testsuite> <!-- com.demo.Tc -->
