<?xml version="1.0" encoding="UTF-8"?>
<!-- Generated by org.testng.reporters.JUnitReportReporter -->
<testsuite hostname="DESKTOP-QTFQUIF" failures="0" tests="1" name="test.NewClass" time="30.802" errors="0" timestamp="2024-12-21T23:50:28 IST" skipped="0">
  <testcase classname="test.NewClass" name="demo" time="30.802"/>
  <system-out/>
</testsuite> <!-- test.NewClass -->
