<?xml version="1.0" encoding="UTF-8"?>
<!-- Generated by org.testng.reporters.JUnitReportReporter -->
<testsuite hostname="DESKTOP-QTFQUIF" failures="0" tests="1" name="com.demo.Tes" time="1.264" errors="0" timestamp="2024-03-29T22:50:56 IST" skipped="0">
  <testcase classname="com.demo.Tes" name="RegisterPager" time="1.264"/>
  <system-out>
    <![CDATA[Pass]]>
  </system-out>
</testsuite> <!-- com.demo.Tes -->
